<?xml version="1.0" encoding="UTF-8"?>
<testng-results ignored="0" total="1" passed="1" failed="0" skipped="0">
  <reporter-output>
  </reporter-output>
  <suite started-at="2023-05-25T20:44:00 IST" name="Default suite" finished-at="2023-05-25T20:44:12 IST" duration-ms="12680">
    <groups>
    </groups>
    <test started-at="2023-05-25T20:44:00 IST" name="Default test" finished-at="2023-05-25T20:44:12 IST" duration-ms="12680">
      <class name="Test_cases.testcase_002">
        <test-method is-config="true" signature="setup()[pri:0, instance:Test_cases.testcase_002@6bd61f98]" started-at="2023-05-25T20:44:00 IST" name="setup" finished-at="2023-05-25T20:44:02 IST" duration-ms="2137" status="PASS">
          <reporter-output>
          </reporter-output>
        </test-method> <!-- setup -->
        <test-method signature="nop_login()[pri:0, instance:Test_cases.testcase_002@6bd61f98]" started-at="2023-05-25T20:44:02 IST" name="nop_login" finished-at="2023-05-25T20:44:12 IST" duration-ms="10519" status="PASS">
          <reporter-output>
          </reporter-output>
        </test-method> <!-- nop_login -->
      </class> <!-- Test_cases.testcase_002 -->
    </test> <!-- Default test -->
  </suite> <!-- Default suite -->
</testng-results>
